# This file was automatically created by FeynRules 2.0.6
# Mathematica version: 9.0 for Mac OS X x86 (64-bit) (January 28, 2013)
# Date: Sat 4 Jan 2014 00:15:37


# 
# This is the logfile for the model 2HDM

# Authors: C. Duhr, M. Herquet
# Model version: 1.0
# Checking the Quantum numbers
   * Electric charge defined.
# Checking the Lagrangians
   * All Lagrangians are ok.
#
# Particle definitions
#

   * No particles removed. All particles correspond to GenInt setup.

# Automatically assigned PDG numbers
   * Assigned PDG number 9000001 to particle ghG


# Compulsory PDG codes:
   * Class SM leptons complete.
   * Class SM neutrinos complete.
   * Class SM quarks complete.
   * Class SM gauge bosons complete.
#
# Parameter definitions
#

   * Parameter mu3 is complex, but declared as real. Changing type to complex.


# Vertices
   * Calling FeynmanRules for 1 Lagrangians.
   * Number of classes vertices: 136
   * Number of flavored vertices: 222
   * Saved vertices in InterfaceRun[ 1 ].
   * Checked QNumber conservation.
      - Quantum number GhostNumber conserved in all vertices.
      - Quantum number LeptonNumber conserved in all vertices.
      - Quantum number Q conserved in all vertices.
   * particles.py written.
   * parameters.py written.
#
# Vertex definitions
#

   * 222 vertices written.
   * vertices.py written.
#
# Lorentz structure definitions
#

   * 20 lorentz structures written.
   * lorentz.py written.
#
# Coupling definitions
#

   * 248 couplings written.
   * couplings.py written.
#
# Coupling order definitions
#

   * 0 couplings orders written.
   * coupling_orders.py written.
#
# Decay definitions
#

   * 13 decays written.
   * decay.py not written
